0 info it worked if it ends with ok
1 verbose cli [ '/usr/local/Cellar/node/5.5.0/bin/node',
1 verbose cli   '/usr/local/bin/npm',
1 verbose cli   'run',
1 verbose cli   'build' ]
2 info using npm@3.5.3
3 info using node@v5.5.0
4 verbose run-script [ 'prebuild', 'build', 'postbuild' ]
5 info lifecycle interactive-story-starter@2.0.1~prebuild: interactive-story-starter@2.0.1
6 silly lifecycle interactive-story-starter@2.0.1~prebuild: no script for prebuild, continuing
7 info lifecycle interactive-story-starter@2.0.1~build: interactive-story-starter@2.0.1
8 verbose lifecycle interactive-story-starter@2.0.1~build: unsafe-perm in lifecycle true
9 verbose lifecycle interactive-story-starter@2.0.1~build: PATH: /usr/local/lib/node_modules/npm/bin/node-gyp-bin:/Users/jeffs/Documents/code/little-red-ridding-hood/connected-locations/node_modules/.bin:/usr/local/bin:/usr/local/sbin:/Users/jeffs/.local/bin:/usr/local/Cellar/ruby/2.3.1/bin:/usr/local/Caskroom:/usr/bin:/bin:/usr/sbin:/sbin:/opt/X11/bin
10 verbose lifecycle interactive-story-starter@2.0.1~build: CWD: /Users/jeffs/Documents/code/little-red-ridding-hood/connected-locations
11 silly lifecycle interactive-story-starter@2.0.1~build: Args: [ '-c', 'rimraf dist && webpack' ]
12 silly lifecycle interactive-story-starter@2.0.1~build: Returned: code: 1  signal: null
13 info lifecycle interactive-story-starter@2.0.1~build: Failed to exec build script
14 verbose stack Error: interactive-story-starter@2.0.1 build: `rimraf dist && webpack`
14 verbose stack Exit status 1
14 verbose stack     at EventEmitter.<anonymous> (/usr/local/lib/node_modules/npm/lib/utils/lifecycle.js:232:16)
14 verbose stack     at emitTwo (events.js:100:13)
14 verbose stack     at EventEmitter.emit (events.js:185:7)
14 verbose stack     at ChildProcess.<anonymous> (/usr/local/lib/node_modules/npm/lib/utils/spawn.js:24:14)
14 verbose stack     at emitTwo (events.js:100:13)
14 verbose stack     at ChildProcess.emit (events.js:185:7)
14 verbose stack     at maybeClose (internal/child_process.js:821:16)
14 verbose stack     at Process.ChildProcess._handle.onexit (internal/child_process.js:211:5)
15 verbose pkgid interactive-story-starter@2.0.1
16 verbose cwd /Users/jeffs/Documents/code/little-red-ridding-hood/connected-locations
17 error Darwin 15.6.0
18 error argv "/usr/local/Cellar/node/5.5.0/bin/node" "/usr/local/bin/npm" "run" "build"
19 error node v5.5.0
20 error npm  v3.5.3
21 error code ELIFECYCLE
22 error interactive-story-starter@2.0.1 build: `rimraf dist && webpack`
22 error Exit status 1
23 error Failed at the interactive-story-starter@2.0.1 build script 'rimraf dist && webpack'.
23 error Make sure you have the latest version of node.js and npm installed.
23 error If you do, this is most likely a problem with the interactive-story-starter package,
23 error not with npm itself.
23 error Tell the author that this fails on your system:
23 error     rimraf dist && webpack
23 error You can get information on how to open an issue for this project with:
23 error     npm bugs interactive-story-starter
23 error Or if that isn't available, you can get their info via:
23 error     npm owner ls interactive-story-starter
23 error There is likely additional logging output above.
24 verbose exit [ 1, true ]
